<?xml version="1.0" encoding="UTF-8" ?>
<testsuite tests="5" failures="5" name="cdshop.DataAccessTest" time="0.031" errors="0" skipped="0">
  <properties>
[...]
</properties>
  <testcase classname="cdshop.DataAccessTest" name="cdshop.DataAccessTest.testGet" time="0.016">
    <failure type="java.lang.NullPointerException">java.lang.NullPointerException
	at cdshop.DataAccessTest.testGet(DataAccessTest.java:42)
</failure>
  </testcase>
  <testcase classname="cdshop.DataAccessTest" name="cdshop.DataAccessTest.testUpdate" time="0">
    <failure type="java.lang.NullPointerException">java.lang.NullPointerException
	at cdshop.DataAccessTest.testUpdate(DataAccessTest.java:54)
</failure>
  </testcase>
  <testcase classname="cdshop.DataAccessTest" name="cdshop.DataAccessTest.testSave" time="0.004">
    <failure type="java.lang.NullPointerException">java.lang.NullPointerException
	at cdshop.DataAccessTest.testSave(DataAccessTest.java:36)
</failure>
  </testcase>
  <testcase classname="cdshop.DataAccessTest" name="cdshop.DataAccessTest.testDelete" time="0.001">
    <failure type="java.lang.NullPointerException">java.lang.NullPointerException
	at cdshop.DataAccessTest.testDelete(DataAccessTest.java:60)
</failure>
  </testcase>
  <testcase classname="cdshop.DataAccessTest" name="cdshop.DataAccessTest.testList" time="0.01">
    <failure type="java.lang.NullPointerException">java.lang.NullPointerException
	at cdshop.DataAccessTest.testList(DataAccessTest.java:29)
</failure>
  </testcase>
</testsuite>